2020-02-09 22:30:21,333:WARNING:discord.client: PyNaCl is not installed, voice will NOT be supported
2020-02-09 22:30:21,334:DEBUG:discord.client: on_ready has successfully been registered as an event
2020-02-09 22:30:21,334:DEBUG:discord.client: on_message has successfully been registered as an event
2020-02-09 22:30:21,334:DEBUG:discord.client: on_command_error has successfully been registered as an event
2020-02-09 22:30:21,334:INFO:discord.client: logging in using static token
2020-02-09 22:30:21,538:DEBUG:discord.http: GET https://discordapp.com/api/v7/users/@me with None has returned 200
2020-02-09 22:30:21,538:DEBUG:discord.http: GET https://discordapp.com/api/v7/users/@me has received {'id': '671910918052905001', 'username': 'MandyBot', 'avatar': 'e35a69e89a8487c227002781a847bb03', 'discriminator': '6623', 'bot': True, 'email': None, 'verified': True, 'locale': 'en-US', 'mfa_enabled': True, 'flags': 0}
2020-02-09 22:30:21,562:DEBUG:discord.http: GET https://discordapp.com/api/v7/gateway with None has returned 200
2020-02-09 22:30:21,562:DEBUG:discord.http: GET https://discordapp.com/api/v7/gateway has received {'url': 'wss://gateway.discord.gg'}
2020-02-09 22:30:21,740:INFO:discord.gateway: Created websocket connected to wss://gateway.discord.gg?encoding=json&v=6&compress=zlib-stream
2020-02-09 22:30:21,740:DEBUG:discord.client: Dispatching event socket_raw_receive
2020-02-09 22:30:21,741:DEBUG:discord.gateway: For Shard ID None: WebSocket Event: {'t': None, 's': None, 'op': 10, 'd': {'heartbeat_interval': 41250, '_trace': ['["gateway-prd-main-0j7w",{"micros":0.0}]']}}
2020-02-09 22:30:21,741:DEBUG:discord.client: Dispatching event socket_response
2020-02-09 22:30:21,741:DEBUG:discord.client: Dispatching event socket_raw_send
2020-02-09 22:30:21,741:DEBUG:discord.client: Dispatching event socket_raw_send
2020-02-09 22:30:21,742:INFO:discord.gateway: Shard ID None has sent the IDENTIFY payload.
2020-02-09 22:30:21,774:DEBUG:discord.client: Dispatching event socket_raw_receive
2020-02-09 22:30:21,774:DEBUG:discord.gateway: For Shard ID None: WebSocket Event: {'t': None, 's': None, 'op': 11, 'd': None}
2020-02-09 22:30:21,774:DEBUG:discord.client: Dispatching event socket_response
2020-02-09 22:30:21,865:DEBUG:discord.client: Dispatching event socket_raw_receive
2020-02-09 22:30:21,865:DEBUG:discord.gateway: For Shard ID None: WebSocket Event: {'t': 'READY', 's': 1, 'op': 0, 'd': {'v': 6, 'user_settings': {}, 'user': {'verified': True, 'username': 'MandyBot', 'mfa_enabled': True, 'id': '671910918052905001', 'email': None, 'discriminator': '6623', 'bot': True, 'avatar': 'e35a69e89a8487c227002781a847bb03'}, 'session_id': '4ef353a7caee8ae9f65ed8ff9ba9ca83', 'relationships': [], 'private_channels': [], 'presences': [], 'guilds': [{'unavailable': True, 'id': '302334957467205643'}], 'application': {'id': '671910918052905001', 'flags': 0}, '_trace': ['["gateway-prd-main-0j7w",{"micros":64783,"calls":["discord-sessions-prd-1-33",{"micros":60312,"calls":["start_session",{"micros":57989,"calls":["api-prd-main-4rdr",{"micros":54436,"calls":["get_user",{"micros":2991},"add_authorized_ip",{"micros":3110},"get_guilds",{"micros":1998},"coros_wait",{"micros":1}]}]},"guilds_connect",{"micros":2,"calls":[]},"presence_connect",{"micros":1536,"calls":[]}]}]}]']}}
2020-02-09 22:30:21,865:DEBUG:discord.client: Dispatching event socket_response
2020-02-09 22:30:21,865:INFO:discord.gateway: Shard ID None has connected to Gateway: ["gateway-prd-main-0j7w",{"micros":64783,"calls":["discord-sessions-prd-1-33",{"micros":60312,"calls":["start_session",{"micros":57989,"calls":["api-prd-main-4rdr",{"micros":54436,"calls":["get_user",{"micros":2991},"add_authorized_ip",{"micros":3110},"get_guilds",{"micros":1998},"coros_wait",{"micros":1}]}]},"guilds_connect",{"micros":2,"calls":[]},"presence_connect",{"micros":1536,"calls":[]}]}]}] (Session ID: 4ef353a7caee8ae9f65ed8ff9ba9ca83).
2020-02-09 22:30:21,872:DEBUG:discord.client: Dispatching event connect
2020-02-09 22:30:21,873:DEBUG:discord.client: Dispatching event socket_raw_receive
2020-02-09 22:30:21,873:DEBUG:discord.gateway: For Shard ID None: WebSocket Event: {'t': 'GUILD_CREATE', 's': 2, 'op': 0, 'd': {'channels': [{'type': 0, 'topic': None, 'rate_limit_per_user': 0, 'position': 0, 'permission_overwrites': [{'type': 'role', 'id': '536307936863977473', 'deny': 2112, 'allow': 0}], 'name': 'general', 'last_message_id': '676267230945738762', 'id': '302334957467205643'}, {'user_limit': 0, 'type': 2, 'position': 0, 'permission_overwrites': [], 'name': 'General', 'id': '302334957467205644', 'bitrate': 64000}, {'type': 0, 'topic': None, 'rate_limit_per_user': 0, 'position': 1, 'permission_overwrites': [{'type': 'role', 'id': '536307936863977473', 'deny': 2112, 'allow': 0}], 'name': 'bot-spam', 'last_message_id': '536307790772437023', 'id': '426481735723778048'}, {'type': 0, 'topic': None, 'rate_limit_per_user': 0, 'position': 2, 'permission_overwrites': [{'type': 'member', 'id': '235148962103951360', 'deny': 0, 'allow': 93184}, {'type': 'role', 'id': '302334957467205643', 'deny': 2112, 'allow': 66560}, {'type': 'role', 'id': '536307936863977473', 'deny': 2112, 'allow': 0}], 'name': 'mod-log', 'last_message_id': '676262158081720338', 'id': '536307790487093253'}, {'type': 0, 'topic': None, 'rate_limit_per_user': 0, 'position': 3, 'permission_overwrites': [], 'name': 'anime', 'last_message_id': '659634425629245441', 'id': '574327578274299904'}, {'type': 0, 'topic': None, 'rate_limit_per_user': 0, 'position': 4, 'permission_overwrites': [], 'name': 'wandy-bd', 'last_message_id': '616784436125761537', 'id': '611717819612266496'}, {'type': 0, 'topic': None, 'rate_limit_per_user': 0, 'position': 5, 'permission_overwrites': [], 'name': 'rainmeter', 'last_message_id': '616784546209202187', 'id': '616784474889388073'}], 'afk_channel_id': None, 'public_updates_channel_id': None, 'voice_states': [], 'banner': None, 'default_message_notifications': 0, 'large': False, 'premium_subscription_count': 0, 'discovery_splash': None, 'preferred_locale': 'en-US', 'lazy': True, 'member_count': 5, 'unavailable': False, 'afk_timeout': 300, 'members': [{'user': {'username': 'wyan', 'id': '133798897989582848', 'discriminator': '6969', 'avatar': '28ee7be0072c91b0bec9ac3303f35829'}, 'roles': [], 'mute': False, 'joined_at': '2017-04-14T06:51:10.993000+00:00', 'hoisted_role': None, 'deaf': False}, {'user': {'username': 'Carl-bot', 'id': '235148962103951360', 'discriminator': '1536', 'bot': True, 'avatar': 'cececd50fdc87b29929e65c768f24ad6'}, 'roles': ['535934269026074685'], 'nick': 'Reeee', 'mute': False, 'joined_at': '2019-01-18T21:31:26.918000+00:00', 'hoisted_role': None, 'deaf': False}, {'user': {'username': 'Ayylmao', 'id': '302335131354529792', 'discriminator': '6302', 'avatar': None}, 'roles': [], 'mute': False, 'joined_at': '2017-04-14T06:53:53.370000+00:00', 'hoisted_role': None, 'deaf': False}, {'user': {'username': 'Gamble-Bot', 'id': '376181441857585155', 'discriminator': '0956', 'bot': True, 'avatar': '4d54c7626070d56431cc2d1818e661e1'}, 'roles': [], 'mute': False, 'joined_at': '2018-03-22T19:37:06.953000+00:00', 'hoisted_role': None, 'deaf': False}, {'user': {'username': 'MandyBot', 'id': '671910918052905001', 'discriminator': '6623', 'bot': True, 'avatar': 'e35a69e89a8487c227002781a847bb03'}, 'roles': ['671911612147302440'], 'premium_since': None, 'nick': 'mandy', 'mute': False, 'joined_at': '2020-01-29T02:56:51.861000+00:00', 'hoisted_role': None, 'deaf': False}], 'system_channel_id': None, 'system_channel_flags': 0, 'splash': None, 'name': 'Ryan Discord', 'application_id': None, 'rules_channel_id': None, 'vanity_url_code': None, 'joined_at': '2020-01-29T02:56:51.861000+00:00', 'features': [], 'mfa_level': 0, 'roles': [{'position': 0, 'permissions': 104324673, 'name': '@everyone', 'mentionable': False, 'managed': False, 'id': '302334957467205643', 'hoist': False, 'color': 0}, {'position': 1, 'permissions': 470150872, 'name': 'carl-bot', 'mentionable': False, 'managed': True, 'id': '535934269026074685', 'hoist': False, 'color': 0}, {'position': 1, 'permissions': 262720, 'name': 'muted', 'mentionable': False, 'managed': False, 'id': '536307936863977473', 'hoist': False, 'color': 16007755}, {'position': 1, 'permissions': 8, 'name': 'MandyBot', 'mentionable': False, 'managed': True, 'id': '671911612147302440', 'hoist': False, 'color': 0}], 'region': 'us-east', 'emojis': [{'roles': [], 'require_colons': True, 'name': 'ryankitty', 'managed': False, 'id': '465578979072540682', 'available': True, 'animated': False}, {'roles': [], 'require_colons': True, 'name': 'OOOOF', 'managed': False, 'id': '471169289953476609', 'available': True, 'animated': False}, {'roles': [], 'require_colons': True, 'name': 'ryanAww', 'managed': False, 'id': '604808228651532308', 'available': True, 'animated': False}, {'roles': [], 'require_colons': True, 'name': 'ryanBooli', 'managed': False, 'id': '604808228802658305', 'available': True, 'animated': False}, {'roles': [], 'require_colons': True, 'name': 'ryanDrool', 'managed': False, 'id': '604808231092486154', 'available': True, 'animated': False}, {'roles': [], 'require_colons': True, 'name': 'ryanThink', 'managed': False, 'id': '604808231159857164', 'available': True, 'animated': False}, {'roles': [], 'require_colons': True, 'name': 'ryanGasm', 'managed': False, 'id': '604808231272841231', 'available': True, 'animated': False}, {'roles': [], 'require_colons': True, 'name': 'ryanHands', 'managed': False, 'id': '604808231327629313', 'available': True, 'animated': False}, {'roles': [], 'require_colons': True, 'name': 'ryanLewd', 'managed': False, 'id': '604808231419641872', 'available': True, 'animated': False}, {'roles': [], 'require_colons': True, 'name': 'ryanSip', 'managed': False, 'id': '604808231461584906', 'available': True, 'animated': False}, {'roles': [], 'require_colons': True, 'name': 'ryanKiss', 'managed': False, 'id': '604808231478624256', 'available': True, 'animated': False}, {'roles': [], 'require_colons': True, 'name': 'ryanZoom', 'managed': False, 'id': '604808231671431197', 'available': True, 'animated': False}, {'roles': [], 'require_colons': True, 'name': 'ryanHehe', 'managed': False, 'id': '604808231675756604', 'available': True, 'animated': False}, {'roles': [], 'require_colons': True, 'name': 'ryanTeddy', 'managed': False, 'id': '604808231684145162', 'available': True, 'animated': False}, {'roles': [], 'require_colons': True, 'name': 'ryanLit', 'managed': False, 'id': '604808231696596992', 'available': True, 'animated': False}, {'roles': [], 'require_colons': True, 'name': 'ryanPog', 'managed': False, 'id': '604808231734214674', 'available': True, 'animated': False}, {'roles': [], 'require_colons': True, 'name': 'KannaCry', 'managed': False, 'id': '604808763492270155', 'available': True, 'animated': False}, {'roles': [], 'require_colons': True, 'name': 'ryanLUL', 'managed': False, 'id': '604809103038218240', 'available': True, 'animated': False}, {'roles': [], 'require_colons': True, 'name': 'ryanSmush', 'managed': False, 'id': '604809103105064983', 'available': True, 'animated': False}, {'roles': [], 'require_colons': True, 'name': 'ryanCry', 'managed': False, 'id': '673669092665851904', 'available': True, 'animated': False}, {'roles': [], 'require_colons': True, 'name': 'ryanLove', 'managed': False, 'id': '673669092942544960', 'available': True, 'animated': False}], 'presences': [{'user': {'id': '133798897989582848'}, 'status': 'online', 'game': {'type': 4, 'name': 'Custom Status', 'id': 'custom', 'emoji': {'name': 'hearts', 'id': '626246148578869248', 'animated': True}, 'created_at': 1581138551176}, 'client_status': {'desktop': 'online'}, 'activities': [{'type': 4, 'name': 'Custom Status', 'id': 'custom', 'emoji': {'name': 'hearts', 'id': '626246148578869248', 'animated': True}, 'created_at': 1581138551176}, {'type': 2, 'timestamps': {'start': 1581305414811, 'end': 1581305575237}, 'sync_id': '3ujORpm8Hf7QWEtfqSAZL8', 'state': 'Alan Walker', 'session_id': '1bbdcb586e9cde3de860256843bd021e', 'party': {'id': 'spotify:133758605869580288'}, 'name': 'Spotify', 'id': 'spotify:1', 'flags': 48, 'details': 'Alone', 'created_at': 1581305414965, 'assets': {'large_text': 'Alone', 'large_image': 'spotify:ab67616d0000b2732d485d6c6370cca02953379c'}}]}, {'user': {'id': '235148962103951360'}, 'status': 'online', 'game': None, 'client_status': {'web': 'online'}, 'activities': []}, {'user': {'id': '671910918052905001'}, 'status': 'online', 'game': None, 'client_status': {'web': 'online'}, 'activities': []}], 'icon': None, 'verification_level': 0, 'explicit_content_filter': 0, 'description': None, 'premium_tier': 0, 'id': '302334957467205643', 'owner_id': '133798897989582848'}}
2020-02-09 22:30:21,873:DEBUG:discord.client: Dispatching event socket_response
2020-02-09 22:30:21,874:DEBUG:discord.client: Dispatching event guild_available
2020-02-09 22:30:23,874:DEBUG:discord.client: Dispatching event ready
2020-02-09 22:30:29,304:DEBUG:discord.client: Dispatching event socket_raw_receive
2020-02-09 22:30:29,304:DEBUG:discord.gateway: For Shard ID None: WebSocket Event: {'t': 'TYPING_START', 's': 3, 'op': 0, 'd': {'user_id': '133798897989582848', 'timestamp': 1581305427, 'member': {'user': {'username': 'wyan', 'id': '133798897989582848', 'discriminator': '6969', 'avatar': '28ee7be0072c91b0bec9ac3303f35829'}, 'roles': [], 'mute': False, 'joined_at': '2017-04-14T06:51:10.993000+00:00', 'hoisted_role': None, 'deaf': False}, 'channel_id': '302334957467205643', 'guild_id': '302334957467205643'}}
2020-02-09 22:30:29,304:DEBUG:discord.client: Dispatching event socket_response
2020-02-09 22:30:29,304:DEBUG:discord.client: Dispatching event typing
2020-02-09 22:30:29,388:DEBUG:discord.client: Dispatching event socket_raw_receive
2020-02-09 22:30:29,388:DEBUG:discord.gateway: For Shard ID None: WebSocket Event: {'t': 'MESSAGE_CREATE', 's': 4, 'op': 0, 'd': {'type': 0, 'tts': False, 'timestamp': '2020-02-10T03:30:28.078000+00:00', 'pinned': False, 'nonce': '676268728186306560', 'mentions': [{'username': 'Carl-bot', 'member': {'roles': ['535934269026074685'], 'nick': 'Reeee', 'mute': False, 'joined_at': '2019-01-18T21:31:26.918000+00:00', 'hoisted_role': None, 'deaf': False}, 'id': '235148962103951360', 'discriminator': '1536', 'bot': True, 'avatar': 'cececd50fdc87b29929e65c768f24ad6'}], 'mention_roles': [], 'mention_everyone': False, 'member': {'roles': [], 'mute': False, 'joined_at': '2017-04-14T06:51:10.993000+00:00', 'hoisted_role': None, 'deaf': False}, 'id': '676268723207798784', 'flags': 0, 'embeds': [], 'edited_timestamp': None, 'content': '*message_count <@!235148962103951360>', 'channel_id': '302334957467205643', 'author': {'username': 'wyan', 'id': '133798897989582848', 'discriminator': '6969', 'avatar': '28ee7be0072c91b0bec9ac3303f35829'}, 'attachments': [], 'guild_id': '302334957467205643'}}
2020-02-09 22:30:29,388:DEBUG:discord.client: Dispatching event socket_response
2020-02-09 22:30:29,388:DEBUG:discord.client: Dispatching event message
2020-02-09 22:30:29,388:DEBUG:discord.client: Dispatching event command
2020-02-09 22:30:29,522:DEBUG:discord.client: Dispatching event socket_raw_receive
2020-02-09 22:30:29,522:DEBUG:discord.gateway: For Shard ID None: WebSocket Event: {'t': 'MESSAGE_CREATE', 's': 5, 'op': 0, 'd': {'type': 0, 'tts': False, 'timestamp': '2020-02-10T03:30:28.180000+00:00', 'pinned': False, 'nonce': None, 'mentions': [], 'mention_roles': [], 'mention_everyone': False, 'member': {'roles': ['671911612147302440'], 'premium_since': None, 'nick': 'mandy', 'mute': False, 'joined_at': '2020-01-29T02:56:51.861000+00:00', 'hoisted_role': None, 'deaf': False}, 'id': '676268723635486741', 'flags': 0, 'embeds': [], 'edited_timestamp': None, 'content': 'This user has sent 0 messages in this server', 'channel_id': '302334957467205643', 'author': {'username': 'MandyBot', 'id': '671910918052905001', 'discriminator': '6623', 'bot': True, 'avatar': 'e35a69e89a8487c227002781a847bb03'}, 'attachments': [], 'guild_id': '302334957467205643'}}
2020-02-09 22:30:29,522:DEBUG:discord.client: Dispatching event socket_response
2020-02-09 22:30:29,522:DEBUG:discord.client: Dispatching event message
2020-02-09 22:30:29,556:DEBUG:discord.http: POST https://discordapp.com/api/v7/channels/302334957467205643/messages with {"content":"This user has sent 0 messages in this server"} has returned 200
2020-02-09 22:30:29,556:DEBUG:discord.http: POST https://discordapp.com/api/v7/channels/302334957467205643/messages has received {'id': '676268723635486741', 'type': 0, 'content': 'This user has sent 0 messages in this server', 'channel_id': '302334957467205643', 'author': {'id': '671910918052905001', 'username': 'MandyBot', 'avatar': 'e35a69e89a8487c227002781a847bb03', 'discriminator': '6623', 'bot': True}, 'attachments': [], 'embeds': [], 'mentions': [], 'mention_roles': [], 'pinned': False, 'mention_everyone': False, 'tts': False, 'timestamp': '2020-02-10T03:30:28.180000+00:00', 'edited_timestamp': None, 'flags': 0, 'nonce': None}
2020-02-09 22:30:29,557:DEBUG:discord.client: Dispatching event command_completion
2020-02-09 22:30:33,726:DEBUG:discord.client: Dispatching event socket_raw_receive
2020-02-09 22:30:33,726:DEBUG:discord.gateway: For Shard ID None: WebSocket Event: {'t': 'TYPING_START', 's': 6, 'op': 0, 'd': {'user_id': '133798897989582848', 'timestamp': 1581305432, 'member': {'user': {'username': 'wyan', 'id': '133798897989582848', 'discriminator': '6969', 'avatar': '28ee7be0072c91b0bec9ac3303f35829'}, 'roles': [], 'mute': False, 'joined_at': '2017-04-14T06:51:10.993000+00:00', 'hoisted_role': None, 'deaf': False}, 'channel_id': '302334957467205643', 'guild_id': '302334957467205643'}}
2020-02-09 22:30:33,726:DEBUG:discord.client: Dispatching event socket_response
2020-02-09 22:30:33,726:DEBUG:discord.client: Dispatching event typing
2020-02-09 22:30:42,564:DEBUG:discord.client: Dispatching event socket_raw_receive
2020-02-09 22:30:42,565:DEBUG:discord.gateway: For Shard ID None: WebSocket Event: {'t': 'MESSAGE_CREATE', 's': 7, 'op': 0, 'd': {'type': 0, 'tts': False, 'timestamp': '2020-02-10T03:30:41.241000+00:00', 'pinned': False, 'nonce': '676268783458844672', 'mentions': [{'username': 'wyan', 'member': {'roles': [], 'mute': False, 'joined_at': '2017-04-14T06:51:10.993000+00:00', 'hoisted_role': None, 'deaf': False}, 'id': '133798897989582848', 'discriminator': '6969', 'avatar': '28ee7be0072c91b0bec9ac3303f35829'}], 'mention_roles': [], 'mention_everyone': False, 'member': {'roles': [], 'mute': False, 'joined_at': '2017-04-14T06:51:10.993000+00:00', 'hoisted_role': None, 'deaf': False}, 'id': '676268778417553418', 'flags': 0, 'embeds': [], 'edited_timestamp': None, 'content': '*message_count <@!133798897989582848>', 'channel_id': '302334957467205643', 'author': {'username': 'wyan', 'id': '133798897989582848', 'discriminator': '6969', 'avatar': '28ee7be0072c91b0bec9ac3303f35829'}, 'attachments': [], 'guild_id': '302334957467205643'}}
2020-02-09 22:30:42,565:DEBUG:discord.client: Dispatching event socket_response
2020-02-09 22:30:42,565:DEBUG:discord.client: Dispatching event message
2020-02-09 22:30:42,565:DEBUG:discord.client: Dispatching event command
2020-02-09 22:30:42,660:DEBUG:discord.client: Dispatching event socket_raw_receive
2020-02-09 22:30:42,660:DEBUG:discord.gateway: For Shard ID None: WebSocket Event: {'t': 'MESSAGE_CREATE', 's': 8, 'op': 0, 'd': {'type': 0, 'tts': False, 'timestamp': '2020-02-10T03:30:41.267000+00:00', 'pinned': False, 'nonce': None, 'mentions': [], 'mention_roles': [], 'mention_everyone': False, 'member': {'roles': ['671911612147302440'], 'premium_since': None, 'nick': 'mandy', 'mute': False, 'joined_at': '2020-01-29T02:56:51.861000+00:00', 'hoisted_role': None, 'deaf': False}, 'id': '676268778526343172', 'flags': 0, 'embeds': [], 'edited_timestamp': None, 'content': 'wyan has sent 1 messages in this server!', 'channel_id': '302334957467205643', 'author': {'username': 'MandyBot', 'id': '671910918052905001', 'discriminator': '6623', 'bot': True, 'avatar': 'e35a69e89a8487c227002781a847bb03'}, 'attachments': [], 'guild_id': '302334957467205643'}}
2020-02-09 22:30:42,660:DEBUG:discord.client: Dispatching event socket_response
2020-02-09 22:30:42,660:DEBUG:discord.client: Dispatching event message
2020-02-09 22:30:42,701:DEBUG:discord.http: POST https://discordapp.com/api/v7/channels/302334957467205643/messages with {"content":"wyan has sent 1 messages in this server!"} has returned 200
2020-02-09 22:30:42,702:DEBUG:discord.http: POST https://discordapp.com/api/v7/channels/302334957467205643/messages has received {'id': '676268778526343172', 'type': 0, 'content': 'wyan has sent 1 messages in this server!', 'channel_id': '302334957467205643', 'author': {'id': '671910918052905001', 'username': 'MandyBot', 'avatar': 'e35a69e89a8487c227002781a847bb03', 'discriminator': '6623', 'bot': True}, 'attachments': [], 'embeds': [], 'mentions': [], 'mention_roles': [], 'pinned': False, 'mention_everyone': False, 'tts': False, 'timestamp': '2020-02-10T03:30:41.267000+00:00', 'edited_timestamp': None, 'flags': 0, 'nonce': None}
2020-02-09 22:30:42,703:DEBUG:discord.client: Dispatching event command_completion
2020-02-09 22:31:02,991:DEBUG:discord.gateway: Keeping websocket alive with sequence 8.
2020-02-09 22:31:02,991:DEBUG:discord.client: Dispatching event socket_raw_send
2020-02-09 22:31:03,022:DEBUG:discord.client: Dispatching event socket_raw_receive
2020-02-09 22:31:03,022:DEBUG:discord.gateway: For Shard ID None: WebSocket Event: {'t': None, 's': None, 'op': 11, 'd': None}
2020-02-09 22:31:03,023:DEBUG:discord.client: Dispatching event socket_response
2020-02-09 22:31:44,241:DEBUG:discord.gateway: Keeping websocket alive with sequence 8.
2020-02-09 22:31:44,241:DEBUG:discord.client: Dispatching event socket_raw_send
2020-02-09 22:31:44,270:DEBUG:discord.client: Dispatching event socket_raw_receive
2020-02-09 22:31:44,270:DEBUG:discord.gateway: For Shard ID None: WebSocket Event: {'t': None, 's': None, 'op': 11, 'd': None}
2020-02-09 22:31:44,270:DEBUG:discord.client: Dispatching event socket_response
2020-02-09 22:32:25,492:DEBUG:discord.gateway: Keeping websocket alive with sequence 8.
2020-02-09 22:32:25,492:DEBUG:discord.client: Dispatching event socket_raw_send
2020-02-09 22:32:25,539:DEBUG:discord.client: Dispatching event socket_raw_receive
2020-02-09 22:32:25,539:DEBUG:discord.gateway: For Shard ID None: WebSocket Event: {'t': None, 's': None, 'op': 11, 'd': None}
2020-02-09 22:32:25,539:DEBUG:discord.client: Dispatching event socket_response
2020-02-09 22:32:53,900:DEBUG:discord.client: Dispatching event socket_raw_receive
2020-02-09 22:32:53,900:DEBUG:discord.gateway: For Shard ID None: WebSocket Event: {'t': 'PRESENCE_UPDATE', 's': 9, 'op': 0, 'd': {'user': {'id': '133798897989582848'}, 'status': 'online', 'roles': [], 'guild_id': '302334957467205643', 'game': {'type': 4, 'name': 'Custom Status', 'id': 'custom', 'emoji': {'name': 'hearts', 'id': '626246148578869248', 'animated': True}, 'created_at': 1581138551176}, 'client_status': {'desktop': 'online'}, 'activities': [{'type': 4, 'name': 'Custom Status', 'id': 'custom', 'emoji': {'name': 'hearts', 'id': '626246148578869248', 'animated': True}, 'created_at': 1581138551176}, {'type': 2, 'timestamps': {'start': 1581305572491, 'end': 1581305790984}, 'sync_id': '5eh17lUQtcqtDyHTkNQp19', 'state': 'Zeds Dead; Diplo; Elliphant', 'session_id': '1bbdcb586e9cde3de860256843bd021e', 'party': {'id': 'spotify:133758605869580288'}, 'name': 'Spotify', 'id': 'spotify:1', 'flags': 48, 'details': 'Blame', 'created_at': 1581305572561, 'assets': {'large_text': 'Northern Lights', 'large_image': 'spotify:1f852cef3c6c1af976a615af915d439ffafaf8ec'}}]}}
2020-02-09 22:32:53,900:DEBUG:discord.client: Dispatching event socket_response
2020-02-09 22:32:53,900:DEBUG:discord.client: Dispatching event member_update
2020-02-09 22:32:55,436:DEBUG:discord.client: Dispatching event socket_raw_receive
2020-02-09 22:32:55,437:DEBUG:discord.gateway: For Shard ID None: WebSocket Event: {'t': 'PRESENCE_UPDATE', 's': 10, 'op': 0, 'd': {'user': {'id': '133798897989582848'}, 'status': 'online', 'roles': [], 'guild_id': '302334957467205643', 'game': {'type': 4, 'name': 'Custom Status', 'id': 'custom', 'emoji': {'name': 'hearts', 'id': '626246148578869248', 'animated': True}, 'created_at': 1581138551176}, 'client_status': {'desktop': 'online'}, 'activities': [{'type': 4, 'name': 'Custom Status', 'id': 'custom', 'emoji': {'name': 'hearts', 'id': '626246148578869248', 'animated': True}, 'created_at': 1581138551176}, {'type': 2, 'timestamps': {'start': 1581305574032, 'end': 1581305792525}, 'sync_id': '5eh17lUQtcqtDyHTkNQp19', 'state': 'Zeds Dead; Diplo; Elliphant', 'session_id': '1bbdcb586e9cde3de860256843bd021e', 'party': {'id': 'spotify:133758605869580288'}, 'name': 'Spotify', 'id': 'spotify:1', 'flags': 48, 'details': 'Blame', 'created_at': 1581305574087, 'assets': {'large_text': 'Northern Lights', 'large_image': 'spotify:1f852cef3c6c1af976a615af915d439ffafaf8ec'}}]}}
2020-02-09 22:32:55,437:DEBUG:discord.client: Dispatching event socket_response
2020-02-09 22:32:55,437:DEBUG:discord.client: Dispatching event member_update
2020-02-09 22:33:06,743:DEBUG:discord.gateway: Keeping websocket alive with sequence 10.
2020-02-09 22:33:06,743:DEBUG:discord.client: Dispatching event socket_raw_send
2020-02-09 22:33:06,772:DEBUG:discord.client: Dispatching event socket_raw_receive
2020-02-09 22:33:06,772:DEBUG:discord.gateway: For Shard ID None: WebSocket Event: {'t': None, 's': None, 'op': 11, 'd': None}
2020-02-09 22:33:06,772:DEBUG:discord.client: Dispatching event socket_response
2020-02-09 22:33:22,659:DEBUG:discord.client: Dispatching event socket_raw_receive
2020-02-09 22:33:22,659:DEBUG:discord.gateway: For Shard ID None: WebSocket Event: {'t': 'PRESENCE_UPDATE', 's': 11, 'op': 0, 'd': {'user': {'id': '133798897989582848'}, 'status': 'online', 'roles': [], 'guild_id': '302334957467205643', 'game': {'type': 4, 'name': 'Custom Status', 'id': 'custom', 'emoji': {'name': 'hearts', 'id': '626246148578869248', 'animated': True}, 'created_at': 1581138551176}, 'client_status': {'desktop': 'online'}, 'activities': [{'type': 4, 'name': 'Custom Status', 'id': 'custom', 'emoji': {'name': 'hearts', 'id': '626246148578869248', 'animated': True}, 'created_at': 1581138551176}, {'type': 2, 'timestamps': {'start': 1581305601340, 'end': 1581305782049}, 'sync_id': '5LwtLtjD1oxsSE2vjWEJfd', 'state': 'Gabbie Hanna', 'session_id': '1bbdcb586e9cde3de860256843bd021e', 'party': {'id': 'spotify:133758605869580288'}, 'name': 'Spotify', 'id': 'spotify:1', 'flags': 48, 'details': 'Broken Girls', 'created_at': 1581305601312, 'assets': {'large_text': '2WAYMIRROR', 'large_image': 'spotify:ab67616d0000b273df14e7fa8b21b1590ab3797f'}}]}}
2020-02-09 22:33:22,659:DEBUG:discord.client: Dispatching event socket_response
2020-02-09 22:33:22,659:DEBUG:discord.client: Dispatching event member_update
2020-02-09 22:33:24,628:DEBUG:discord.client: Dispatching event socket_raw_receive
2020-02-09 22:33:24,628:DEBUG:discord.gateway: For Shard ID None: WebSocket Event: {'t': 'PRESENCE_UPDATE', 's': 12, 'op': 0, 'd': {'user': {'id': '133798897989582848'}, 'status': 'online', 'roles': [], 'guild_id': '302334957467205643', 'game': {'type': 4, 'name': 'Custom Status', 'id': 'custom', 'emoji': {'name': 'hearts', 'id': '626246148578869248', 'animated': True}, 'created_at': 1581138551176}, 'client_status': {'desktop': 'online'}, 'activities': [{'type': 4, 'name': 'Custom Status', 'id': 'custom', 'emoji': {'name': 'hearts', 'id': '626246148578869248', 'animated': True}, 'created_at': 1581138551176}, {'type': 2, 'timestamps': {'start': 1581305603262, 'end': 1581305783971}, 'sync_id': '5LwtLtjD1oxsSE2vjWEJfd', 'state': 'Gabbie Hanna', 'session_id': '1bbdcb586e9cde3de860256843bd021e', 'party': {'id': 'spotify:133758605869580288'}, 'name': 'Spotify', 'id': 'spotify:1', 'flags': 48, 'details': 'Broken Girls', 'created_at': 1581305603264, 'assets': {'large_text': '2WAYMIRROR', 'large_image': 'spotify:ab67616d0000b273df14e7fa8b21b1590ab3797f'}}]}}
2020-02-09 22:33:24,628:DEBUG:discord.client: Dispatching event socket_response
2020-02-09 22:33:24,628:DEBUG:discord.client: Dispatching event member_update
2020-02-09 22:33:47,993:DEBUG:discord.gateway: Keeping websocket alive with sequence 12.
2020-02-09 22:33:47,993:DEBUG:discord.client: Dispatching event socket_raw_send
2020-02-09 22:33:48,025:DEBUG:discord.client: Dispatching event socket_raw_receive
2020-02-09 22:33:48,026:DEBUG:discord.gateway: For Shard ID None: WebSocket Event: {'t': None, 's': None, 'op': 11, 'd': None}
2020-02-09 22:33:48,026:DEBUG:discord.client: Dispatching event socket_response
